<?xml version="1.0" encoding="UTF-8"?>
<testsuite xmlns:xsi="http://www.w3.org/2001/XMLSchema-instance" xsi:noNamespaceSchemaLocation="https://maven.apache.org/surefire/maven-surefire-plugin/xsd/surefire-test-report-3.0.xsd" version="3.0" name="com.manoj.hireflow.HireFlowApplicationTests" time="6.452" tests="1" errors="0" skipped="0" failures="0">
  <properties>
[...]
</properties>
  <testcase name="contextLoads" classname="com.manoj.hireflow.HireFlowApplicationTests" time="0.58">
    <system-out><![CDATA[18:56:03.335 [main] INFO org.springframework.test.context.support.AnnotationConfigContextLoaderUtils -- Could not detect default configuration classes for test class [com.manoj.hireflow.HireFlowApplicationTests]: HireFlowApplicationTests does not declare any static, non-private, non-final, nested classes annotated with @Configuration.
18:56:03.442 [main] INFO org.springframework.boot.test.context.SpringBootTestContextBootstrapper -- Found @SpringBootConfiguration com.manoj.hireflow.HireFlowApplication for test class com.manoj.hireflow.HireFlowApplicationTests

  .   ____          _            __ _ _
 /\\ / ___'_ __ _ _(_)_ __  __ _ \ \ \ \
( ( )\___ | '_ | '_| | '_ \/ _` | \ \ \ \
 \\/  ___)| |_)| | | | | || (_| |  ) ) ) )
  '  |____| .__|_| |_|_| |_\__, | / / / /
 =========|_|==============|___/=/_/_/_/
 :: Spring Boot ::                (v3.2.5)

2026-04-14T18:56:03.924+05:30  INFO 14292 --- [HireFlow] [           main] c.m.hireflow.HireFlowApplicationTests    : Starting HireFlowApplicationTests using Java 17.0.12 with PID 14292 (started by manoj in C:\Users\manoj\OneDrive\Documents\HireFlow1\HireFlow-backend1)
2026-04-14T18:56:03.925+05:30  INFO 14292 --- [HireFlow] [           main] c.m.hireflow.HireFlowApplicationTests    : No active profile set, falling back to 1 default profile: "default"
2026-04-14T18:56:04.852+05:30  INFO 14292 --- [HireFlow] [           main] .s.d.r.c.RepositoryConfigurationDelegate : Bootstrapping Spring Data JPA repositories in DEFAULT mode.
2026-04-14T18:56:04.924+05:30  INFO 14292 --- [HireFlow] [           main] .s.d.r.c.RepositoryConfigurationDelegate : Finished Spring Data repository scanning in 52 ms. Found 3 JPA repository interfaces.
2026-04-14T18:56:05.537+05:30  INFO 14292 --- [HireFlow] [           main] o.hibernate.jpa.internal.util.LogHelper  : HHH000204: Processing PersistenceUnitInfo [name: default]
2026-04-14T18:56:05.647+05:30  INFO 14292 --- [HireFlow] [           main] org.hibernate.Version                    : HHH000412: Hibernate ORM core version 6.4.4.Final
2026-04-14T18:56:05.699+05:30  INFO 14292 --- [HireFlow] [           main] o.h.c.internal.RegionFactoryInitiator    : HHH000026: Second-level cache disabled
2026-04-14T18:56:06.098+05:30  INFO 14292 --- [HireFlow] [           main] o.s.o.j.p.SpringPersistenceUnitInfo      : No LoadTimeWeaver setup: ignoring JPA class transformer
2026-04-14T18:56:06.138+05:30  INFO 14292 --- [HireFlow] [           main] com.zaxxer.hikari.HikariDataSource       : HikariPool-1 - Starting...
2026-04-14T18:56:06.362+05:30  INFO 14292 --- [HireFlow] [           main] com.zaxxer.hikari.pool.HikariPool        : HikariPool-1 - Added connection org.postgresql.jdbc.PgConnection@48ae9e8b
2026-04-14T18:56:06.364+05:30  INFO 14292 --- [HireFlow] [           main] com.zaxxer.hikari.HikariDataSource       : HikariPool-1 - Start completed.
2026-04-14T18:56:06.406+05:30  WARN 14292 --- [HireFlow] [           main] org.hibernate.orm.deprecation            : HHH90000025: PostgreSQLDialect does not need to be specified explicitly using 'hibernate.dialect' (remove the property setting and it will be selected by default)
2026-04-14T18:56:07.384+05:30  INFO 14292 --- [HireFlow] [           main] o.h.e.t.j.p.i.JtaPlatformInitiator       : HHH000489: No JTA platform available (set 'hibernate.transaction.jta.platform' to enable JTA platform integration)
2026-04-14T18:56:07.485+05:30  INFO 14292 --- [HireFlow] [           main] j.LocalContainerEntityManagerFactoryBean : Initialized JPA EntityManagerFactory for persistence unit 'default'
2026-04-14T18:56:08.106+05:30  WARN 14292 --- [HireFlow] [           main] JpaBaseConfiguration$JpaWebConfiguration : spring.jpa.open-in-view is enabled by default. Therefore, database queries may be performed during view rendering. Explicitly configure spring.jpa.open-in-view to disable this warning
2026-04-14T18:56:08.144+05:30  WARN 14292 --- [HireFlow] [           main] .s.s.UserDetailsServiceAutoConfiguration : 

Using generated security password: 6fa8fda2-856d-46aa-965b-b7964d8177d7

This generated password is for development use only. Your security configuration must be updated before running your application in production.

2026-04-14T18:56:08.514+05:30  INFO 14292 --- [HireFlow] [           main] o.s.s.web.DefaultSecurityFilterChain     : Will secure any request with [org.springframework.security.web.session.DisableEncodeUrlFilter@1da5635e, org.springframework.security.web.context.request.async.WebAsyncManagerIntegrationFilter@7c35d7d, org.springframework.security.web.context.SecurityContextHolderFilter@2e7dd504, org.springframework.security.web.header.HeaderWriterFilter@4e3bc13b, org.springframework.web.filter.CorsFilter@24ccc91b, org.springframework.security.web.authentication.logout.LogoutFilter@5d2bfc9f, com.manoj.hireflow.security.JwtAuthFilter@1c528f2f, org.springframework.security.web.savedrequest.RequestCacheAwareFilter@5643052d, org.springframework.security.web.servletapi.SecurityContextHolderAwareRequestFilter@5e0b7f58, org.springframework.security.web.authentication.AnonymousAuthenticationFilter@d0538b3, org.springframework.security.web.access.ExceptionTranslationFilter@4468ced2, org.springframework.security.web.access.intercept.AuthorizationFilter@29767156]
2026-04-14T18:56:08.946+05:30  INFO 14292 --- [HireFlow] [           main] c.m.hireflow.HireFlowApplicationTests    : Started HireFlowApplicationTests in 5.335 seconds (process running for 6.493)
]]></system-out>
  </testcase>
</testsuite>